Using pre-set license
Built from '2021.3/staging' branch; Version is '2021.3.21f1 (1b156197d683) revision 1774945'; Using compiler version '192829333'; Build Type 'Release'
OS: 'Windows 10  (10.0.19045) 64bit Enterprise' Language: 'ru' Physical Memory: 32693 MB
BatchMode: 1, IsHumanControllingUs: 0, StartBugReporterOnCrash: 0, Is64bit: 1, IsPro: 1

COMMAND LINE ARGUMENTS:
F:\Program Files\Unity\2021.3.21f1\Editor\Unity.exe
-adb2
-batchMode
-noUpm
-name
AssetImportWorker0
-projectPath
F:/Git/TopDownShooter/TopDownShooter
-logFile
Logs/AssetImportWorker0.log
-srvPort
56851
Successfully changed project path to: F:/Git/TopDownShooter/TopDownShooter
F:/Git/TopDownShooter/TopDownShooter
[UnityMemory] Configuration Parameters - Can be set up in boot.config
    "memorysetup-bucket-allocator-granularity=16"
    "memorysetup-bucket-allocator-bucket-count=8"
    "memorysetup-bucket-allocator-block-size=33554432"
    "memorysetup-bucket-allocator-block-count=8"
    "memorysetup-main-allocator-block-size=16777216"
    "memorysetup-thread-allocator-block-size=16777216"
    "memorysetup-gfx-main-allocator-block-size=16777216"
    "memorysetup-gfx-thread-allocator-block-size=16777216"
    "memorysetup-cache-allocator-block-size=4194304"
    "memorysetup-typetree-allocator-block-size=2097152"
    "memorysetup-profiler-bucket-allocator-granularity=16"
    "memorysetup-profiler-bucket-allocator-bucket-count=8"
    "memorysetup-profiler-bucket-allocator-block-size=33554432"
    "memorysetup-profiler-bucket-allocator-block-count=8"
    "memorysetup-profiler-allocator-block-size=16777216"
    "memorysetup-profiler-editor-allocator-block-size=1048576"
    "memorysetup-temp-allocator-size-main=16777216"
    "memorysetup-job-temp-allocator-block-size=2097152"
    "memorysetup-job-temp-allocator-block-size-background=1048576"
    "memorysetup-job-temp-allocator-reduction-small-platforms=262144"
    "memorysetup-temp-allocator-size-background-worker=32768"
    "memorysetup-temp-allocator-size-job-worker=262144"
    "memorysetup-temp-allocator-size-preload-manager=33554432"
    "memorysetup-temp-allocator-size-nav-mesh-worker=65536"
    "memorysetup-temp-allocator-size-audio-worker=65536"
    "memorysetup-temp-allocator-size-cloud-worker=32768"
    "memorysetup-temp-allocator-size-gi-baking-worker=262144"
    "memorysetup-temp-allocator-size-gfx=262144"
Player connection [47932] Host "[IP] 192.168.2.151 [Port] 0 [Flags] 2 [Guid] 3877804572 [EditorId] 3877804572 [Version] 1048832 [Id] WindowsEditor(7,DESKTOP-3D1BPKE) [Debug] 1 [PackageName] WindowsEditor [ProjectName] Editor" joined multi-casting on [225.0.0.222:54997]...

Player connection [47932] Host "[IP] 192.168.2.151 [Port] 0 [Flags] 2 [Guid] 3877804572 [EditorId] 3877804572 [Version] 1048832 [Id] WindowsEditor(7,DESKTOP-3D1BPKE) [Debug] 1 [PackageName] WindowsEditor [ProjectName] Editor" joined alternative multi-casting on [225.0.0.222:34997]...

Refreshing native plugins compatible for Editor in 123.57 ms, found 4 plugins.
Preloading 0 native plugins for Editor in 0.00 ms.
Initialize engine version: 2021.3.21f1 (1b156197d683)
[Subsystems] Discovering subsystems at path F:/Program Files/Unity/2021.3.21f1/Editor/Data/Resources/UnitySubsystems
[Subsystems] Discovering subsystems at path F:/Git/TopDownShooter/TopDownShooter/Assets
GfxDevice: creating device client; threaded=0; jobified=0
Direct3D:
    Version:  Direct3D 11.0 [level 11.1]
    Renderer: NVIDIA GeForce RTX 3060 (ID=0x2487)
    Vendor:   NVIDIA
    VRAM:     12124 MB
    Driver:   31.0.15.3129
Initialize mono
Mono path[0] = 'F:/Program Files/Unity/2021.3.21f1/Editor/Data/Managed'
Mono path[1] = 'F:/Program Files/Unity/2021.3.21f1/Editor/Data/MonoBleedingEdge/lib/mono/unityjit-win32'
Mono config path = 'F:/Program Files/Unity/2021.3.21f1/Editor/Data/MonoBleedingEdge/etc'
Using monoOptions --debugger-agent=transport=dt_socket,embedding=1,server=y,suspend=n,address=127.0.0.1:56556
Begin MonoManager ReloadAssembly
Registering precompiled unity dll's ...
Register platform support module: F:/Program Files/Unity/2021.3.21f1/Editor/Data/PlaybackEngines/WebGLSupport/UnityEditor.WebGL.Extensions.dll
Register platform support module: F:/Program Files/Unity/2021.3.21f1/Editor/Data/PlaybackEngines/WindowsStandaloneSupport/UnityEditor.WindowsStandalone.Extensions.dll
Registered in 0.003285 seconds.
Native extension for WindowsStandalone target not found
Native extension for WebGL target not found
Refreshing native plugins compatible for Editor in 71.19 ms, found 4 plugins.
Preloading 0 native plugins for Editor in 0.00 ms.
Mono: successfully reloaded assembly
- Completed reload, in  0.600 seconds
Domain Reload Profiling:
	ReloadAssembly (601ms)
		BeginReloadAssembly (82ms)
			ExecutionOrderSort (0ms)
			DisableScriptedObjects (0ms)
			BackupInstance (0ms)
			ReleaseScriptingObjects (0ms)
			CreateAndSetChildDomain (1ms)
		EndReloadAssembly (413ms)
			LoadAssemblies (82ms)
			RebuildTransferFunctionScriptingTraits (0ms)
			SetupTypeCache (105ms)
			ReleaseScriptCaches (0ms)
			RebuildScriptCaches (22ms)
			SetupLoadedEditorAssemblies (242ms)
				LogAssemblyErrors (0ms)
				InitializePlatformSupportModulesInManaged (7ms)
				SetLoadedEditorAssemblies (0ms)
				RefreshPlugins (71ms)
				BeforeProcessingInitializeOnLoad (1ms)
				ProcessInitializeOnLoadAttributes (118ms)
				ProcessInitializeOnLoadMethodAttributes (44ms)
				AfterProcessingInitializeOnLoad (0ms)
				EditorAssembliesLoaded (0ms)
			ExecutionOrderSort2 (0ms)
			AwakeInstancesAfterBackupRestoration (0ms)
Platform modules already initialized, skipping
Registering precompiled user dll's ...
Registered in 0.005444 seconds.
Begin MonoManager ReloadAssembly
Symbol file LoadedFromMemory doesn't match image F:\Git\TopDownShooter\TopDownShooter\Library\PackageCache\com.unity.visualscripting@1.8.0\Editor\VisualScripting.Core\Dependencies\YamlDotNet\Unity.VisualScripting.YamlDotNet.dll
Symbol file LoadedFromMemory doesn't match image F:\Git\TopDownShooter\TopDownShooter\Library\PackageCache\com.unity.visualscripting@1.8.0\Editor\VisualScripting.Core\Dependencies\DotNetZip\Unity.VisualScripting.IonicZip.dll
Native extension for WindowsStandalone target not found
Native extension for WebGL target not found
Refreshing native plugins compatible for Editor in 68.27 ms, found 4 plugins.
Preloading 0 native plugins for Editor in 0.00 ms.
Mono: successfully reloaded assembly
- Completed reload, in  0.949 seconds
Domain Reload Profiling:
	ReloadAssembly (950ms)
		BeginReloadAssembly (110ms)
			ExecutionOrderSort (0ms)
			DisableScriptedObjects (6ms)
			BackupInstance (0ms)
			ReleaseScriptingObjects (0ms)
			CreateAndSetChildDomain (23ms)
		EndReloadAssembly (752ms)
			LoadAssemblies (80ms)
			RebuildTransferFunctionScriptingTraits (0ms)
			SetupTypeCache (209ms)
			ReleaseScriptCaches (1ms)
			RebuildScriptCaches (44ms)
			SetupLoadedEditorAssemblies (387ms)
				LogAssemblyErrors (0ms)
				InitializePlatformSupportModulesInManaged (4ms)
				SetLoadedEditorAssemblies (0ms)
				RefreshPlugins (68ms)
				BeforeProcessingInitializeOnLoad (71ms)
				ProcessInitializeOnLoadAttributes (205ms)
				ProcessInitializeOnLoadMethodAttributes (36ms)
				AfterProcessingInitializeOnLoad (3ms)
				EditorAssembliesLoaded (0ms)
			ExecutionOrderSort2 (0ms)
			AwakeInstancesAfterBackupRestoration (6ms)
Platform modules already initialized, skipping
========================================================================
Worker process is ready to serve import requests
Launched and connected shader compiler UnityShaderCompiler.exe after 0.04 seconds
Refreshing native plugins compatible for Editor in 1.31 ms, found 4 plugins.
Preloading 0 native plugins for Editor in 0.00 ms.
Unloading 3773 Unused Serialized files (Serialized files now loaded: 0)
Unloading 42 unused Assets / (204.0 KB). Loaded Objects now: 4266.
Memory consumption went from 238.3 MB to 238.1 MB.
Total: 5.114600 ms (FindLiveObjects: 0.561400 ms CreateObjectMapping: 0.147900 ms MarkObjects: 4.132600 ms  DeleteObjects: 0.271500 ms)

AssetImportParameters requested are different than current active one (requested -> active):
  custom:video-decoder-ogg-theora: a1e56fd34408186e4bbccfd4996cb3dc -> 
  custom:container-muxer-webm: aa71ff27fc2769a1b78a27578f13a17b -> 
  custom:container-demuxer-webm: 4f35f7cbe854078d1ac9338744f61a02 -> 
  custom:video-encoder-webm-vp8: eb34c28f22e8b96e1ab97ce403110664 -> 
  custom:audio-encoder-webm-vorbis: bf7c407c2cedff20999df2af8eb42d56 -> 
  custom:framework-win-MediaFoundation: 216162199b28c13a410421893ffa2e32 -> 
  custom:container-demuxer-ogg: 62fdf1f143b41e24485cea50d1cbac27 -> 
  custom:video-decoder-webm-vp8: 9c59270c3fd7afecdb556c50c9e8de78 -> 
  custom:audio-decoder-ogg-vorbis: bf7c407c2cedff20999df2af8eb42d56 -> 
========================================================================
Received Import Request.
  Time since last request: 964399.544384 seconds.
  path: Assets/Prefabs/Player.prefab
  artifactKey: Guid(91a364b94d6474b4bb0ccbd1177f7f92) Importer(815301076,1909f56bfc062723c751e8b465ee728b)
Start importing Assets/Prefabs/Player.prefab using Guid(91a364b94d6474b4bb0ccbd1177f7f92) Importer(815301076,1909f56bfc062723c751e8b465ee728b)  -> (artifact id: 'f9c1dbb76b6cc4cfc2f3d530b0fed616') in 0.160362 seconds 
========================================================================
Received Import Request.
  Time since last request: 124.296503 seconds.
  path: Assets/Prefabs/RangeEnemy.prefab
  artifactKey: Guid(6cea2a7f68d11aa4798a0d9b7b5fb8cd) Importer(815301076,1909f56bfc062723c751e8b465ee728b)
Start importing Assets/Prefabs/RangeEnemy.prefab using Guid(6cea2a7f68d11aa4798a0d9b7b5fb8cd) Importer(815301076,1909f56bfc062723c751e8b465ee728b)  -> (artifact id: '66b1b84e5bf03be2c999d2ff38579293') in 0.028861 seconds 
========================================================================
Received Import Request.
  Time since last request: 4.961458 seconds.
  path: Assets/Prefabs/RangeEnemy.prefab
  artifactKey: Guid(6cea2a7f68d11aa4798a0d9b7b5fb8cd) Importer(815301076,1909f56bfc062723c751e8b465ee728b)
Start importing Assets/Prefabs/RangeEnemy.prefab using Guid(6cea2a7f68d11aa4798a0d9b7b5fb8cd) Importer(815301076,1909f56bfc062723c751e8b465ee728b)  -> (artifact id: '72fad1c2d43c9296cd2d47168bee3f78') in 0.015302 seconds 
========================================================================
Received Import Request.
  Time since last request: 8.097646 seconds.
  path: Assets/Prefabs/RangeEnemy.prefab
  artifactKey: Guid(6cea2a7f68d11aa4798a0d9b7b5fb8cd) Importer(815301076,1909f56bfc062723c751e8b465ee728b)
Start importing Assets/Prefabs/RangeEnemy.prefab using Guid(6cea2a7f68d11aa4798a0d9b7b5fb8cd) Importer(815301076,1909f56bfc062723c751e8b465ee728b)  -> (artifact id: 'e5b2e080db7baac1d92fe2c0e0637fae') in 0.012208 seconds 
========================================================================
Received Import Request.
  Time since last request: 66.693028 seconds.
  path: Assets/Prefabs/SniperEnemy.prefab
  artifactKey: Guid(6cea2a7f68d11aa4798a0d9b7b5fb8cd) Importer(815301076,1909f56bfc062723c751e8b465ee728b)
Start importing Assets/Prefabs/SniperEnemy.prefab using Guid(6cea2a7f68d11aa4798a0d9b7b5fb8cd) Importer(815301076,1909f56bfc062723c751e8b465ee728b)  -> (artifact id: '3c2372029c9dbe1cef3db68e484cbb65') in 0.015111 seconds 
========================================================================
Received Import Request.
  Time since last request: 9.404169 seconds.
  path: Assets/Prefabs/SniperEnemy.prefab
  artifactKey: Guid(6cea2a7f68d11aa4798a0d9b7b5fb8cd) Importer(815301076,1909f56bfc062723c751e8b465ee728b)
Start importing Assets/Prefabs/SniperEnemy.prefab using Guid(6cea2a7f68d11aa4798a0d9b7b5fb8cd) Importer(815301076,1909f56bfc062723c751e8b465ee728b)  -> (artifact id: '12713eca2023e411cebc00048b43f187') in 0.012682 seconds 
========================================================================
Received Import Request.
  Time since last request: 1.192980 seconds.
  path: Assets/Prefabs/SniperEnemy.prefab
  artifactKey: Guid(6cea2a7f68d11aa4798a0d9b7b5fb8cd) Importer(815301076,1909f56bfc062723c751e8b465ee728b)
Start importing Assets/Prefabs/SniperEnemy.prefab using Guid(6cea2a7f68d11aa4798a0d9b7b5fb8cd) Importer(815301076,1909f56bfc062723c751e8b465ee728b)  -> (artifact id: '59435407dd2d9c696737268796c44959') in 0.012400 seconds 
========================================================================
Received Import Request.
  Time since last request: 5.433339 seconds.
  path: Assets/Prefabs/SniperEnemy.prefab
  artifactKey: Guid(6cea2a7f68d11aa4798a0d9b7b5fb8cd) Importer(815301076,1909f56bfc062723c751e8b465ee728b)
Start importing Assets/Prefabs/SniperEnemy.prefab using Guid(6cea2a7f68d11aa4798a0d9b7b5fb8cd) Importer(815301076,1909f56bfc062723c751e8b465ee728b)  -> (artifact id: 'ba5ebe7b234d31930e2da14b36458ce7') in 0.023128 seconds 
========================================================================
Received Import Request.
  Time since last request: 0.986217 seconds.
  path: Assets/Prefabs/SniperEnemy.prefab
  artifactKey: Guid(6cea2a7f68d11aa4798a0d9b7b5fb8cd) Importer(815301076,1909f56bfc062723c751e8b465ee728b)
Start importing Assets/Prefabs/SniperEnemy.prefab using Guid(6cea2a7f68d11aa4798a0d9b7b5fb8cd) Importer(815301076,1909f56bfc062723c751e8b465ee728b)  -> (artifact id: '74989a4edcef9905d0a549982cf0ed24') in 0.019898 seconds 
========================================================================
Received Import Request.
  Time since last request: 1.810101 seconds.
  path: Assets/Prefabs/SniperEnemy.prefab
  artifactKey: Guid(6cea2a7f68d11aa4798a0d9b7b5fb8cd) Importer(815301076,1909f56bfc062723c751e8b465ee728b)
Start importing Assets/Prefabs/SniperEnemy.prefab using Guid(6cea2a7f68d11aa4798a0d9b7b5fb8cd) Importer(815301076,1909f56bfc062723c751e8b465ee728b)  -> (artifact id: 'c75606c4e022f1fb973f70aade00345f') in 0.019520 seconds 
========================================================================
Received Import Request.
  Time since last request: 1.326539 seconds.
  path: Assets/Prefabs/SniperEnemy.prefab
  artifactKey: Guid(6cea2a7f68d11aa4798a0d9b7b5fb8cd) Importer(815301076,1909f56bfc062723c751e8b465ee728b)
Start importing Assets/Prefabs/SniperEnemy.prefab using Guid(6cea2a7f68d11aa4798a0d9b7b5fb8cd) Importer(815301076,1909f56bfc062723c751e8b465ee728b)  -> (artifact id: '05734b2e96d433a860490778200d32a0') in 0.015142 seconds 
========================================================================
Received Import Request.
  Time since last request: 69.496795 seconds.
  path: Assets/Prefabs/RangeEnemyFollower 1.prefab
  artifactKey: Guid(c61aaa51906e5a04b92188b09d3a6061) Importer(815301076,1909f56bfc062723c751e8b465ee728b)
Start importing Assets/Prefabs/RangeEnemyFollower 1.prefab using Guid(c61aaa51906e5a04b92188b09d3a6061) Importer(815301076,1909f56bfc062723c751e8b465ee728b)  -> (artifact id: '8b5918a7364fee5870f3574967c0f67c') in 0.025197 seconds 
========================================================================
Received Import Request.
  Time since last request: 39.740008 seconds.
  path: Assets/Prefabs/MeeleEnemy.prefab
  artifactKey: Guid(80c26751b8fa6bf48b99869a77d0b644) Importer(815301076,1909f56bfc062723c751e8b465ee728b)
Start importing Assets/Prefabs/MeeleEnemy.prefab using Guid(80c26751b8fa6bf48b99869a77d0b644) Importer(815301076,1909f56bfc062723c751e8b465ee728b)  -> (artifact id: 'f928461c8e9d050b9d01fd9c10553fd1') in 0.013495 seconds 
========================================================================
Received Import Request.
  Time since last request: 1.760620 seconds.
  path: Assets/Prefabs/MeeleEnemy.prefab
  artifactKey: Guid(80c26751b8fa6bf48b99869a77d0b644) Importer(815301076,1909f56bfc062723c751e8b465ee728b)
Start importing Assets/Prefabs/MeeleEnemy.prefab using Guid(80c26751b8fa6bf48b99869a77d0b644) Importer(815301076,1909f56bfc062723c751e8b465ee728b)  -> (artifact id: 'bac8bad7d79cfa275a1728399c7fa26a') in 0.011918 seconds 
========================================================================
Received Import Request.
  Time since last request: 2.591613 seconds.
  path: Assets/Prefabs/MeeleEnemy.prefab
  artifactKey: Guid(80c26751b8fa6bf48b99869a77d0b644) Importer(815301076,1909f56bfc062723c751e8b465ee728b)
Start importing Assets/Prefabs/MeeleEnemy.prefab using Guid(80c26751b8fa6bf48b99869a77d0b644) Importer(815301076,1909f56bfc062723c751e8b465ee728b)  -> (artifact id: '1f7e9a83d1afb59506993302f4ad1d2b') in 0.013648 seconds 
========================================================================
Received Import Request.
  Time since last request: 72.081833 seconds.
  path: Assets/Prefabs/RangeEnemyFollower 1.prefab
  artifactKey: Guid(c61aaa51906e5a04b92188b09d3a6061) Importer(815301076,1909f56bfc062723c751e8b465ee728b)
Start importing Assets/Prefabs/RangeEnemyFollower 1.prefab using Guid(c61aaa51906e5a04b92188b09d3a6061) Importer(815301076,1909f56bfc062723c751e8b465ee728b)  -> (artifact id: 'e237e2bfbca4161e6cfaf2ce42d00aae') in 0.018763 seconds 
========================================================================
Received Import Request.
  Time since last request: 6.303798 seconds.
  path: Assets/Prefabs/MeeleEnemy.prefab
  artifactKey: Guid(80c26751b8fa6bf48b99869a77d0b644) Importer(815301076,1909f56bfc062723c751e8b465ee728b)
Start importing Assets/Prefabs/MeeleEnemy.prefab using Guid(80c26751b8fa6bf48b99869a77d0b644) Importer(815301076,1909f56bfc062723c751e8b465ee728b)  -> (artifact id: '944f254f0f40fc17a916bc568b5cf3f7') in 0.030733 seconds 
========================================================================
Received Prepare
Registering precompiled user dll's ...
Registered in 0.006292 seconds.
Begin MonoManager ReloadAssembly
Symbol file LoadedFromMemory doesn't match image F:\Git\TopDownShooter\TopDownShooter\Library\PackageCache\com.unity.visualscripting@1.8.0\Editor\VisualScripting.Core\Dependencies\YamlDotNet\Unity.VisualScripting.YamlDotNet.dll
Symbol file LoadedFromMemory doesn't match image F:\Git\TopDownShooter\TopDownShooter\Library\PackageCache\com.unity.visualscripting@1.8.0\Editor\VisualScripting.Core\Dependencies\DotNetZip\Unity.VisualScripting.IonicZip.dll
Native extension for WindowsStandalone target not found
Native extension for WebGL target not found
Refreshing native plugins compatible for Editor in 1.40 ms, found 4 plugins.
Preloading 0 native plugins for Editor in 0.00 ms.
Mono: successfully reloaded assembly
- Completed reload, in  1.073 seconds
Domain Reload Profiling:
	ReloadAssembly (1074ms)
		BeginReloadAssembly (131ms)
			ExecutionOrderSort (0ms)
			DisableScriptedObjects (7ms)
			BackupInstance (0ms)
			ReleaseScriptingObjects (0ms)
			CreateAndSetChildDomain (41ms)
		EndReloadAssembly (858ms)
			LoadAssemblies (80ms)
			RebuildTransferFunctionScriptingTraits (0ms)
			SetupTypeCache (247ms)
			ReleaseScriptCaches (2ms)
			RebuildScriptCaches (51ms)
			SetupLoadedEditorAssemblies (419ms)
				LogAssemblyErrors (0ms)
				InitializePlatformSupportModulesInManaged (6ms)
				SetLoadedEditorAssemblies (1ms)
				RefreshPlugins (1ms)
				BeforeProcessingInitializeOnLoad (86ms)
				ProcessInitializeOnLoadAttributes (277ms)
				ProcessInitializeOnLoadMethodAttributes (43ms)
				AfterProcessingInitializeOnLoad (5ms)
				EditorAssembliesLoaded (0ms)
			ExecutionOrderSort2 (0ms)
			AwakeInstancesAfterBackupRestoration (12ms)
Platform modules already initialized, skipping
Refreshing native plugins compatible for Editor in 3.48 ms, found 4 plugins.
Preloading 0 native plugins for Editor in 0.00 ms.
Unloading 3768 Unused Serialized files (Serialized files now loaded: 0)
Unloading 30 unused Assets / (196.9 KB). Loaded Objects now: 4278.
Memory consumption went from 242.3 MB to 242.1 MB.
Total: 6.225000 ms (FindLiveObjects: 0.964300 ms CreateObjectMapping: 0.387800 ms MarkObjects: 4.662400 ms  DeleteObjects: 0.209100 ms)

AssetImportParameters requested are different than current active one (requested -> active):
  custom:video-decoder-ogg-theora: a1e56fd34408186e4bbccfd4996cb3dc -> 
  custom:container-muxer-webm: aa71ff27fc2769a1b78a27578f13a17b -> 
  custom:container-demuxer-webm: 4f35f7cbe854078d1ac9338744f61a02 -> 
  custom:video-encoder-webm-vp8: eb34c28f22e8b96e1ab97ce403110664 -> 
  custom:audio-encoder-webm-vorbis: bf7c407c2cedff20999df2af8eb42d56 -> 
  custom:framework-win-MediaFoundation: 216162199b28c13a410421893ffa2e32 -> 
  custom:container-demuxer-ogg: 62fdf1f143b41e24485cea50d1cbac27 -> 
  custom:video-decoder-webm-vp8: 9c59270c3fd7afecdb556c50c9e8de78 -> 
  custom:audio-decoder-ogg-vorbis: bf7c407c2cedff20999df2af8eb42d56 -> 
