Using pre-set license
Built from '2021.3/staging' branch; Version is '2021.3.21f1 (1b156197d683) revision 1774945'; Using compiler version '192829333'; Build Type 'Release'
OS: 'Windows 10  (10.0.19045) 64bit CoreSingleLanguage' Language: 'ru' Physical Memory: 16197 MB
BatchMode: 1, IsHumanControllingUs: 0, StartBugReporterOnCrash: 0, Is64bit: 1, IsPro: 1

COMMAND LINE ARGUMENTS:
D:\Program Files\Unity\Hub\Editor\2021.3.21f1\Editor\Unity.exe
-adb2
-batchMode
-noUpm
-name
AssetImportWorker6
-projectPath
D:/Git/TopDownShooter/TopDownShooter
-logFile
Logs/AssetImportWorker6.log
-srvPort
59531
Successfully changed project path to: D:/Git/TopDownShooter/TopDownShooter
D:/Git/TopDownShooter/TopDownShooter
[UnityMemory] Configuration Parameters - Can be set up in boot.config
    "memorysetup-bucket-allocator-granularity=16"
    "memorysetup-bucket-allocator-bucket-count=8"
    "memorysetup-bucket-allocator-block-size=33554432"
    "memorysetup-bucket-allocator-block-count=8"
    "memorysetup-main-allocator-block-size=16777216"
    "memorysetup-thread-allocator-block-size=16777216"
    "memorysetup-gfx-main-allocator-block-size=16777216"
    "memorysetup-gfx-thread-allocator-block-size=16777216"
    "memorysetup-cache-allocator-block-size=4194304"
    "memorysetup-typetree-allocator-block-size=2097152"
    "memorysetup-profiler-bucket-allocator-granularity=16"
    "memorysetup-profiler-bucket-allocator-bucket-count=8"
    "memorysetup-profiler-bucket-allocator-block-size=33554432"
    "memorysetup-profiler-bucket-allocator-block-count=8"
    "memorysetup-profiler-allocator-block-size=16777216"
    "memorysetup-profiler-editor-allocator-block-size=1048576"
    "memorysetup-temp-allocator-size-main=16777216"
    "memorysetup-job-temp-allocator-block-size=2097152"
    "memorysetup-job-temp-allocator-block-size-background=1048576"
    "memorysetup-job-temp-allocator-reduction-small-platforms=262144"
    "memorysetup-temp-allocator-size-background-worker=32768"
    "memorysetup-temp-allocator-size-job-worker=262144"
    "memorysetup-temp-allocator-size-preload-manager=33554432"
    "memorysetup-temp-allocator-size-nav-mesh-worker=65536"
    "memorysetup-temp-allocator-size-audio-worker=65536"
    "memorysetup-temp-allocator-size-cloud-worker=32768"
    "memorysetup-temp-allocator-size-gi-baking-worker=262144"
    "memorysetup-temp-allocator-size-gfx=262144"
Player connection [18560] Host "[IP] 192.168.56.1 [Port] 0 [Flags] 2 [Guid] 2841743160 [EditorId] 2841743160 [Version] 1048832 [Id] WindowsEditor(7,DESKTOP-93OAQFC) [Debug] 1 [PackageName] WindowsEditor [ProjectName] Editor" joined multi-casting on [225.0.0.222:54997]...

Player connection [18560] Host "[IP] 192.168.56.1 [Port] 0 [Flags] 2 [Guid] 2841743160 [EditorId] 2841743160 [Version] 1048832 [Id] WindowsEditor(7,DESKTOP-93OAQFC) [Debug] 1 [PackageName] WindowsEditor [ProjectName] Editor" joined alternative multi-casting on [225.0.0.222:34997]...

Refreshing native plugins compatible for Editor in 145.51 ms, found 4 plugins.
Preloading 0 native plugins for Editor in 0.00 ms.
Initialize engine version: 2021.3.21f1 (1b156197d683)
[Subsystems] Discovering subsystems at path D:/Program Files/Unity/Hub/Editor/2021.3.21f1/Editor/Data/Resources/UnitySubsystems
[Subsystems] Discovering subsystems at path D:/Git/TopDownShooter/TopDownShooter/Assets
GfxDevice: creating device client; threaded=0; jobified=0
Direct3D:
    Version:  Direct3D 11.0 [level 11.1]
    Renderer: Intel(R) UHD Graphics 620 (ID=0x3ea0)
    Vendor:   Intel
    VRAM:     8098 MB
    Driver:   24.20.100.6287
Initialize mono
Mono path[0] = 'D:/Program Files/Unity/Hub/Editor/2021.3.21f1/Editor/Data/Managed'
Mono path[1] = 'D:/Program Files/Unity/Hub/Editor/2021.3.21f1/Editor/Data/MonoBleedingEdge/lib/mono/unityjit-win32'
Mono config path = 'D:/Program Files/Unity/Hub/Editor/2021.3.21f1/Editor/Data/MonoBleedingEdge/etc'
Using monoOptions --debugger-agent=transport=dt_socket,embedding=1,server=y,suspend=n,address=127.0.0.1:56048
Begin MonoManager ReloadAssembly
Registering precompiled unity dll's ...
Register platform support module: D:/Program Files/Unity/Hub/Editor/2021.3.21f1/Editor/Data/PlaybackEngines/WebGLSupport/UnityEditor.WebGL.Extensions.dll
Register platform support module: D:/Program Files/Unity/Hub/Editor/2021.3.21f1/Editor/Data/PlaybackEngines/WindowsStandaloneSupport/UnityEditor.WindowsStandalone.Extensions.dll
Registered in 0.022069 seconds.
Native extension for WindowsStandalone target not found
Native extension for WebGL target not found
Refreshing native plugins compatible for Editor in 287.10 ms, found 4 plugins.
Preloading 0 native plugins for Editor in 0.00 ms.
Mono: successfully reloaded assembly
- Completed reload, in  2.339 seconds
Domain Reload Profiling:
	ReloadAssembly (2341ms)
		BeginReloadAssembly (276ms)
			ExecutionOrderSort (0ms)
			DisableScriptedObjects (0ms)
			BackupInstance (0ms)
			ReleaseScriptingObjects (0ms)
			CreateAndSetChildDomain (3ms)
		EndReloadAssembly (1657ms)
			LoadAssemblies (274ms)
			RebuildTransferFunctionScriptingTraits (0ms)
			SetupTypeCache (444ms)
			ReleaseScriptCaches (0ms)
			RebuildScriptCaches (116ms)
			SetupLoadedEditorAssemblies (921ms)
				LogAssemblyErrors (0ms)
				InitializePlatformSupportModulesInManaged (29ms)
				SetLoadedEditorAssemblies (1ms)
				RefreshPlugins (287ms)
				BeforeProcessingInitializeOnLoad (4ms)
				ProcessInitializeOnLoadAttributes (428ms)
				ProcessInitializeOnLoadMethodAttributes (171ms)
				AfterProcessingInitializeOnLoad (0ms)
				EditorAssembliesLoaded (0ms)
			ExecutionOrderSort2 (0ms)
			AwakeInstancesAfterBackupRestoration (0ms)
Platform modules already initialized, skipping
Registering precompiled user dll's ...
Registered in 0.014029 seconds.
Begin MonoManager ReloadAssembly
Symbol file LoadedFromMemory doesn't match image D:\Git\TopDownShooter\TopDownShooter\Library\PackageCache\com.unity.visualscripting@1.8.0\Editor\VisualScripting.Core\Dependencies\YamlDotNet\Unity.VisualScripting.YamlDotNet.dll
Symbol file LoadedFromMemory doesn't match image D:\Git\TopDownShooter\TopDownShooter\Library\PackageCache\com.unity.visualscripting@1.8.0\Editor\VisualScripting.Core\Dependencies\DotNetZip\Unity.VisualScripting.IonicZip.dll
Native extension for WindowsStandalone target not found
Native extension for WebGL target not found
Refreshing native plugins compatible for Editor in 288.22 ms, found 4 plugins.
Preloading 0 native plugins for Editor in 0.00 ms.
Mono: successfully reloaded assembly
- Completed reload, in  3.620 seconds
Domain Reload Profiling:
	ReloadAssembly (3623ms)
		BeginReloadAssembly (286ms)
			ExecutionOrderSort (0ms)
			DisableScriptedObjects (14ms)
			BackupInstance (0ms)
			ReleaseScriptingObjects (0ms)
			CreateAndSetChildDomain (36ms)
		EndReloadAssembly (2956ms)
			LoadAssemblies (241ms)
			RebuildTransferFunctionScriptingTraits (0ms)
			SetupTypeCache (810ms)
			ReleaseScriptCaches (2ms)
			RebuildScriptCaches (191ms)
			SetupLoadedEditorAssemblies (1576ms)
				LogAssemblyErrors (0ms)
				InitializePlatformSupportModulesInManaged (15ms)
				SetLoadedEditorAssemblies (1ms)
				RefreshPlugins (288ms)
				BeforeProcessingInitializeOnLoad (263ms)
				ProcessInitializeOnLoadAttributes (868ms)
				ProcessInitializeOnLoadMethodAttributes (127ms)
				AfterProcessingInitializeOnLoad (13ms)
				EditorAssembliesLoaded (0ms)
			ExecutionOrderSort2 (0ms)
			AwakeInstancesAfterBackupRestoration (25ms)
Platform modules already initialized, skipping
========================================================================
Worker process is ready to serve import requests
Launched and connected shader compiler UnityShaderCompiler.exe after 0.14 seconds
Refreshing native plugins compatible for Editor in 2.30 ms, found 4 plugins.
Preloading 0 native plugins for Editor in 0.00 ms.
Unloading 3737 Unused Serialized files (Serialized files now loaded: 0)
Unloading 35 unused Assets / (56.1 KB). Loaded Objects now: 4197.
Memory consumption went from 142.7 MB to 142.6 MB.
Total: 9.134900 ms (FindLiveObjects: 0.861100 ms CreateObjectMapping: 0.728200 ms MarkObjects: 7.340400 ms  DeleteObjects: 0.202400 ms)

AssetImportParameters requested are different than current active one (requested -> active):
  custom:video-decoder-ogg-theora: a1e56fd34408186e4bbccfd4996cb3dc -> 
  custom:container-muxer-webm: aa71ff27fc2769a1b78a27578f13a17b -> 
  custom:container-demuxer-webm: 4f35f7cbe854078d1ac9338744f61a02 -> 
  custom:video-encoder-webm-vp8: eb34c28f22e8b96e1ab97ce403110664 -> 
  custom:audio-encoder-webm-vorbis: bf7c407c2cedff20999df2af8eb42d56 -> 
  custom:framework-win-MediaFoundation: 216162199b28c13a410421893ffa2e32 -> 
  custom:container-demuxer-ogg: 62fdf1f143b41e24485cea50d1cbac27 -> 
  custom:video-decoder-webm-vp8: 9c59270c3fd7afecdb556c50c9e8de78 -> 
  custom:audio-decoder-ogg-vorbis: bf7c407c2cedff20999df2af8eb42d56 -> 
========================================================================
Received Import Request.
  Time since last request: 341664.587264 seconds.
  path: Assets/Scenes/UI.unity
  artifactKey: Guid(d66e609b11096bb4e8ea85d298e367d7) Importer(815301076,1909f56bfc062723c751e8b465ee728b)
Start importing Assets/Scenes/UI.unity using Guid(d66e609b11096bb4e8ea85d298e367d7) Importer(815301076,1909f56bfc062723c751e8b465ee728b)  -> (artifact id: '00000000000000000000000000000000') in 1.285575 seconds  code(4) message(Build asset version error: assets/scenes/ui.unity in SourceAssetDB has modification time of '2023-05-23T13:54:10.6058811Z' while content on disk has modification time of '0001-01-01T00:00:00Z' with error code 2
Stacktrace:
0x00007ff67d9cd1dd (Unity) StackWalker::GetCurrentCallstack
0x00007ff67d9d3d99 (Unity) StackWalker::ShowCallstack
0x00007ff67e96b913 (Unity) GetStacktrace
0x00007ff67ed0c4b4 (Unity) GetAssetHashAndValidate
0x00007ff67ed07a18 (Unity) AssetVersionBuilder::BuildHashOfSourceAssetArray
0x00007ff67ed057bc (Unity) AssetVersionBuilder::BuildAssetVersion
0x00007ff67ec8b6c4 (Unity) CreateAssetVersionBuilder
0x00007ff67ec921c6 (Unity) ImportToObjects
0x00007ff67ec90ef3 (Unity) ImportAsset
0x00007ff67ecb3951 (Unity) AssetImportWorker::Import
0x00007ff67ed1b568 (Unity) <lambda_4280b031ebcc7d1adb8e337ef41df5eb>::operator()
0x00007ff67ed5d892 (Unity) asio::detail::completion_handler<core::mutable_function<void __cdecl(void)>,asio::io_context::basic_executor_type<std::allocator<void>,0> >::do_complete
0x00007ff67ed4977e (Unity) asio::detail::win_iocp_io_context::do_one
0x00007ff67ed4b3e4 (Unity) asio::detail::win_iocp_io_context::run
0x00007ff67ed5bc7e (Unity) IOService::Run
0x00007ff67ed2e38f (Unity) AssetImportWorkerClient::Run
0x00007ff67ecf6983 (Unity) RunAssetImportWorkerClientV2
0x00007ff67ecf6a0b (Unity) RunAssetImporterV2
0x00007ff67e510628 (Unity) Application::InitializeProject
0x00007ff67e976078 (Unity) WinMain
0x00007ff67fd52e1e (Unity) __scrt_common_main_seh
0x00007ffd3d9f7614 (KERNEL32) BaseThreadInitThunk
0x00007ffd3e8826a1 (ntdll) RtlUserThreadStart
)
  ERROR: Build asset version error: assets/scenes/ui.unity in SourceAssetDB has modification time of '2023-05-23T13:54:10.6058811Z' while content on disk has modification time of '0001-01-01T00:00:00Z' with error code 2
Stacktrace:
0x00007ff67d9cd1dd (Unity) StackWalker::GetCurrentCallstack
0x00007ff67d9d3d99 (Unity) StackWalker::ShowCallstack
0x00007ff67e96b913 (Unity) GetStacktrace
0x00007ff67ed0c4b4 (Unity) GetAssetHashAndValidate
0x00007ff67ed07a18 (Unity) AssetVersionBuilder::BuildHashOfSourceAssetArray
0x00007ff67ed057bc (Unity) AssetVersionBuilder::BuildAssetVersion
0x00007ff67ec8b6c4 (Unity) CreateAssetVersionBuilder
0x00007ff67ec921c6 (Unity) ImportToObjects
0x00007ff67ec90ef3 (Unity) ImportAsset
0x00007ff67ecb3951 (Unity) AssetImportWorker::Import
0x00007ff67ed1b568 (Unity) <lambda_4280b031ebcc7d1adb8e337ef41df5eb>::operator()
0x00007ff67ed5d892 (Unity) asio::detail::completion_handler<core::mutable_function<void __cdecl(void)>,asio::io_context::basic_executor_type<std::allocator<void>,0> >::do_complete
0x00007ff67ed4977e (Unity) asio::detail::win_iocp_io_context::do_one
0x00007ff67ed4b3e4 (Unity) asio::detail::win_iocp_io_context::run
0x00007ff67ed5bc7e (Unity) IOService::Run
0x00007ff67ed2e38f (Unity) AssetImportWorkerClient::Run
0x00007ff67ecf6983 (Unity) RunAssetImportWorkerClientV2
0x00007ff67ecf6a0b (Unity) RunAssetImporterV2
0x00007ff67e510628 (Unity) Application::InitializeProject
0x00007ff67e976078 (Unity) WinMain
0x00007ff67fd52e1e (Unity) __scrt_common_main_seh
0x00007ffd3d9f7614 (KERNEL32) BaseThreadInitThunk
0x00007ffd3e8826a1 (ntdll) RtlUserThreadStart

